2016-04-05 03:41:28,116 - streamparse.stdout - INFO - ('relation "tweetwordcount" already exists\n',)
2016-04-05 03:41:28,116 - streamparse.stdout - INFO - relation "tweetwordcount" already exists

2016-04-05 03:41:28,530 - streamparse.stdout - INFO - Errored out
2016-04-05 03:41:28,589 - streamparse.stdout - INFO - Errored out
2016-04-05 03:41:28,780 - streamparse.stdout - INFO - Errored out
2016-04-05 03:41:28,996 - streamparse.stdout - INFO - Errored out
2016-04-05 03:41:29,224 - streamparse.stdout - INFO - Errored out
2016-04-05 03:41:29,273 - streamparse.stdout - INFO - Errored out
2016-04-05 03:41:29,335 - streamparse.stdout - INFO - Errored out
2016-04-05 03:41:29,561 - streamparse.stdout - INFO - Errored out
2016-04-05 03:41:29,716 - streamparse.stdout - INFO - Errored out
2016-04-05 03:41:29,848 - streamparse.stdout - INFO - Errored out
2016-04-05 03:41:29,986 - streamparse.stdout - INFO - Errored out
2016-04-05 03:41:30,023 - streamparse.stdout - INFO - Errored out
2016-04-05 03:41:30,038 - streamparse.stdout - INFO - Errored out
2016-04-05 03:41:30,077 - streamparse.stdout - INFO - Errored out
2016-04-05 03:41:30,502 - streamparse.stdout - INFO - Errored out
2016-04-05 03:41:30,732 - streamparse.stdout - INFO - Errored out
2016-04-05 03:41:30,807 - streamparse.stdout - INFO - Errored out
2016-04-05 03:41:30,871 - streamparse.stdout - INFO - Errored out
2016-04-05 03:41:31,138 - streamparse.stdout - INFO - Errored out
2016-04-05 03:41:31,249 - streamparse.stdout - INFO - Errored out
2016-04-05 03:41:31,424 - streamparse.stdout - INFO - Errored out
2016-04-05 03:41:31,588 - streamparse.stdout - INFO - Errored out
2016-04-05 03:41:31,644 - streamparse.stdout - INFO - Errored out
2016-04-05 03:41:31,782 - streamparse.stdout - INFO - Errored out
2016-04-05 03:41:31,906 - streamparse.stdout - INFO - Errored out
2016-04-05 03:41:32,086 - streamparse.stdout - INFO - Errored out
2016-04-05 03:41:32,137 - streamparse.stdout - INFO - Errored out
2016-04-05 03:41:32,170 - streamparse.stdout - INFO - Errored out
2016-04-05 03:41:32,328 - streamparse.stdout - INFO - Errored out
2016-04-05 03:41:32,396 - streamparse.stdout - INFO - Errored out
2016-04-05 03:41:32,740 - streamparse.stdout - INFO - Errored out
2016-04-05 03:41:32,821 - streamparse.stdout - INFO - Errored out
2016-04-05 03:41:32,870 - streamparse.stdout - INFO - Errored out
2016-04-05 03:41:33,038 - streamparse.stdout - INFO - Errored out
2016-04-05 03:41:33,262 - streamparse.stdout - INFO - Errored out
2016-04-05 03:41:33,332 - streamparse.stdout - INFO - Errored out
2016-04-05 03:41:33,508 - streamparse.stdout - INFO - Errored out
2016-04-05 03:41:33,595 - streamparse.stdout - INFO - Errored out
2016-04-05 03:41:33,633 - streamparse.stdout - INFO - Errored out
2016-04-05 03:41:33,728 - streamparse.stdout - INFO - Errored out
2016-04-05 03:41:33,789 - streamparse.stdout - INFO - Errored out
2016-04-05 03:41:33,892 - streamparse.stdout - INFO - Errored out
2016-04-05 03:41:34,079 - streamparse.stdout - INFO - Errored out
2016-04-05 03:41:34,194 - streamparse.stdout - INFO - Errored out
2016-04-05 03:41:34,275 - streamparse.stdout - INFO - Errored out
2016-04-05 03:41:34,330 - streamparse.stdout - INFO - Errored out
2016-04-05 03:41:34,493 - streamparse.stdout - INFO - Errored out
2016-04-05 03:41:34,574 - streamparse.stdout - INFO - Errored out
2016-04-05 03:41:34,619 - streamparse.stdout - INFO - Errored out
2016-04-05 03:41:34,835 - streamparse.stdout - INFO - Errored out
2016-04-05 03:41:34,874 - streamparse.stdout - INFO - Errored out
2016-04-05 03:41:35,010 - streamparse.stdout - INFO - Errored out
2016-04-05 03:41:35,147 - streamparse.stdout - INFO - Errored out
2016-04-05 03:41:35,261 - streamparse.stdout - INFO - Errored out
2016-04-05 03:41:35,332 - streamparse.stdout - INFO - Errored out
2016-04-05 03:41:35,604 - streamparse.stdout - INFO - Errored out
2016-04-05 03:41:35,763 - streamparse.stdout - INFO - Errored out
2016-04-05 03:41:35,859 - streamparse.stdout - INFO - Errored out
2016-04-05 03:41:35,965 - streamparse.stdout - INFO - Errored out
2016-04-05 03:41:36,031 - streamparse.stdout - INFO - Errored out
2016-04-05 03:41:36,282 - streamparse.stdout - INFO - Errored out
2016-04-05 03:41:36,356 - streamparse.stdout - INFO - Errored out
2016-04-05 03:41:36,861 - streamparse.stdout - INFO - Errored out
2016-04-05 03:41:37,045 - streamparse.stdout - INFO - Errored out
2016-04-05 03:41:37,086 - streamparse.stdout - INFO - Errored out
2016-04-05 03:41:37,173 - streamparse.stdout - INFO - Errored out
2016-04-05 03:41:37,230 - streamparse.stdout - INFO - Errored out
2016-04-05 03:41:37,309 - streamparse.stdout - INFO - Errored out
2016-04-05 03:41:37,411 - streamparse.stdout - INFO - Errored out
2016-04-05 03:41:37,555 - streamparse.stdout - INFO - Errored out
2016-04-05 03:41:37,753 - streamparse.stdout - INFO - Errored out
2016-04-05 03:41:37,897 - streamparse.stdout - INFO - Errored out
2016-04-05 03:41:37,973 - streamparse.stdout - INFO - Errored out
2016-04-05 03:41:38,305 - streamparse.stdout - INFO - Errored out
2016-04-05 03:41:38,391 - streamparse.stdout - INFO - Errored out
2016-04-05 03:41:38,472 - streamparse.stdout - INFO - Errored out
2016-04-05 03:41:38,524 - streamparse.stdout - INFO - Errored out
2016-04-05 03:41:38,565 - streamparse.stdout - INFO - Errored out
2016-04-05 03:41:38,703 - streamparse.stdout - INFO - Errored out
2016-04-05 03:41:38,844 - streamparse.stdout - INFO - Errored out
2016-04-05 03:41:38,938 - streamparse.stdout - INFO - Errored out
2016-04-05 03:41:38,980 - streamparse.stdout - INFO - Errored out
2016-04-05 03:41:39,270 - streamparse.stdout - INFO - Errored out
2016-04-05 03:41:39,316 - streamparse.stdout - INFO - Errored out
2016-04-05 03:41:39,559 - streamparse.stdout - INFO - Errored out
2016-04-05 03:41:39,817 - streamparse.stdout - INFO - Errored out
2016-04-05 03:41:39,997 - streamparse.stdout - INFO - Errored out
2016-04-05 03:41:40,235 - streamparse.stdout - INFO - Errored out
2016-04-05 03:41:40,365 - streamparse.stdout - INFO - Errored out
2016-04-05 03:41:40,414 - streamparse.stdout - INFO - Errored out
2016-04-05 03:41:40,457 - streamparse.stdout - INFO - Errored out
2016-04-05 03:41:40,675 - streamparse.stdout - INFO - Errored out
2016-04-05 03:41:40,862 - streamparse.stdout - INFO - Errored out
2016-04-05 03:41:40,924 - streamparse.stdout - INFO - Errored out
2016-04-05 03:41:40,979 - streamparse.stdout - INFO - Errored out
2016-04-05 03:41:41,193 - streamparse.stdout - INFO - Errored out
2016-04-05 03:41:41,341 - streamparse.stdout - INFO - Errored out
2016-04-05 03:41:41,554 - streamparse.stdout - INFO - Errored out
2016-04-05 03:41:41,603 - streamparse.stdout - INFO - Errored out
2016-04-05 03:41:41,779 - streamparse.stdout - INFO - Errored out
2016-04-05 03:41:41,845 - streamparse.stdout - INFO - Errored out
2016-04-05 03:41:41,887 - streamparse.stdout - INFO - Errored out
2016-04-05 03:41:42,059 - streamparse.stdout - INFO - Errored out
2016-04-05 03:41:42,118 - streamparse.stdout - INFO - Errored out
2016-04-05 03:41:42,326 - streamparse.stdout - INFO - Errored out
2016-04-05 03:41:42,393 - streamparse.stdout - INFO - Errored out
2016-04-05 03:41:42,535 - streamparse.stdout - INFO - Errored out
2016-04-05 03:41:42,732 - streamparse.stdout - INFO - Errored out
2016-04-05 03:41:43,013 - streamparse.stdout - INFO - Errored out
2016-04-05 03:41:43,053 - streamparse.stdout - INFO - Errored out
2016-04-05 03:41:43,196 - streamparse.stdout - INFO - Errored out
2016-04-05 03:41:43,247 - streamparse.stdout - INFO - Errored out
2016-04-05 03:41:43,379 - streamparse.stdout - INFO - Errored out
2016-04-05 03:41:43,397 - streamparse.stdout - INFO - Errored out
2016-04-05 03:41:43,467 - streamparse.stdout - INFO - Errored out
2016-04-05 03:41:43,535 - streamparse.stdout - INFO - Errored out
2016-04-05 03:41:43,688 - streamparse.stdout - INFO - Errored out
2016-04-05 03:41:43,913 - streamparse.stdout - INFO - Errored out
2016-04-05 03:41:44,051 - streamparse.stdout - INFO - Errored out
2016-04-05 03:41:44,116 - streamparse.stdout - INFO - Errored out
2016-04-05 03:41:44,270 - streamparse.stdout - INFO - Errored out
2016-04-05 03:41:44,381 - streamparse.stdout - INFO - Errored out
2016-04-05 03:41:44,779 - streamparse.stdout - INFO - Errored out
2016-04-05 03:41:44,860 - streamparse.stdout - INFO - Errored out
2016-04-05 03:41:44,942 - streamparse.stdout - INFO - Errored out
2016-04-05 03:41:45,022 - streamparse.stdout - INFO - Errored out
2016-04-05 03:41:45,144 - streamparse.stdout - INFO - Errored out
2016-04-05 03:41:45,214 - streamparse.stdout - INFO - Errored out
2016-04-05 03:41:45,277 - streamparse.stdout - INFO - Errored out
2016-04-05 03:41:45,435 - streamparse.stdout - INFO - Errored out
2016-04-05 03:41:45,570 - streamparse.stdout - INFO - Errored out
2016-04-05 03:41:45,736 - streamparse.stdout - INFO - Errored out
2016-04-05 03:41:46,118 - streamparse.stdout - INFO - Errored out
2016-04-05 03:41:46,278 - streamparse.stdout - INFO - Errored out
2016-04-05 03:41:46,321 - streamparse.stdout - INFO - Errored out
2016-04-05 03:41:46,438 - streamparse.stdout - INFO - Errored out
2016-04-05 03:41:46,582 - streamparse.stdout - INFO - Errored out
2016-04-05 03:41:46,678 - streamparse.stdout - INFO - Errored out
2016-04-05 03:41:47,015 - streamparse.stdout - INFO - Errored out
2016-04-05 03:41:47,058 - streamparse.stdout - INFO - Errored out
2016-04-05 03:41:47,203 - streamparse.stdout - INFO - Errored out
2016-04-05 03:41:47,310 - streamparse.stdout - INFO - Errored out
2016-04-05 03:41:47,528 - streamparse.stdout - INFO - Errored out
2016-04-05 03:41:47,754 - streamparse.stdout - INFO - Errored out
2016-04-05 03:41:47,865 - streamparse.stdout - INFO - Errored out
2016-04-05 03:41:47,904 - streamparse.stdout - INFO - Errored out
2016-04-05 03:41:48,017 - streamparse.stdout - INFO - Errored out
2016-04-05 03:41:48,084 - streamparse.stdout - INFO - Errored out
2016-04-05 03:41:48,134 - streamparse.stdout - INFO - Errored out
2016-04-05 03:41:48,241 - streamparse.stdout - INFO - Errored out
2016-04-05 03:41:48,490 - streamparse.stdout - INFO - Errored out
2016-04-05 03:41:48,566 - streamparse.stdout - INFO - Errored out
2016-04-05 03:41:48,635 - streamparse.stdout - INFO - Errored out
2016-04-05 03:41:48,685 - streamparse.stdout - INFO - Errored out
2016-04-05 03:41:48,739 - streamparse.stdout - INFO - Errored out
2016-04-05 03:41:48,985 - streamparse.stdout - INFO - Errored out
2016-04-05 03:41:49,151 - streamparse.stdout - INFO - Errored out
2016-04-05 03:41:49,214 - streamparse.stdout - INFO - Errored out
2016-04-05 03:41:49,256 - streamparse.stdout - INFO - Errored out
2016-04-05 03:41:49,296 - streamparse.stdout - INFO - Errored out
2016-04-05 03:41:49,392 - streamparse.stdout - INFO - Errored out
2016-04-05 03:41:49,453 - streamparse.stdout - INFO - Errored out
2016-04-05 03:41:49,506 - streamparse.stdout - INFO - Errored out
2016-04-05 03:41:49,635 - streamparse.stdout - INFO - Errored out
2016-04-05 03:41:49,676 - streamparse.stdout - INFO - Errored out
2016-04-05 03:41:50,113 - streamparse.storm.component - ERROR - Received EOF while trying to read stdin from Storm, pipe appears to be broken, exiting.
2016-04-05 03:41:50,113 - streamparse.stdout - INFO - Errored out
2016-04-05 03:41:50,130 - streamparse.stdout - INFO - Errored out
2016-04-05 03:41:50,130 - streamparse.storm.component - ERROR - Exception in WordCounter.run()
Traceback (most recent call last):
  File "/usr/lib/python2.7/site-packages/streamparse/storm/component.py", line 489, in run
    self._run()
  File "/usr/lib/python2.7/site-packages/streamparse/storm/bolt.py", line 221, in _run
    self.ack(tup)
  File "/usr/lib/python2.7/site-packages/streamparse/storm/bolt.py", line 193, in ack
    self.send_message({'command': 'ack', 'id': tup_id})
  File "/usr/lib/python2.7/site-packages/streamparse/storm/component.py", line 366, in send_message
    self.output_stream.flush()
IOError: [Errno 32] Broken pipe
