2016-04-05 03:41:28,072 - streamparse.stdout - INFO - ('relation "tweetwordcount" already exists\n',)
2016-04-05 03:41:28,072 - streamparse.stdout - INFO - relation "tweetwordcount" already exists

2016-04-05 03:41:28,631 - streamparse.stdout - INFO - Errored out
2016-04-05 03:41:28,829 - streamparse.stdout - INFO - Errored out
2016-04-05 03:41:28,908 - streamparse.stdout - INFO - Errored out
2016-04-05 03:41:29,066 - streamparse.stdout - INFO - Errored out
2016-04-05 03:41:29,127 - streamparse.stdout - INFO - Errored out
2016-04-05 03:41:29,207 - streamparse.stdout - INFO - Errored out
2016-04-05 03:41:29,447 - streamparse.stdout - INFO - Errored out
2016-04-05 03:41:29,544 - streamparse.stdout - INFO - Errored out
2016-04-05 03:41:29,683 - streamparse.stdout - INFO - Errored out
2016-04-05 03:41:29,721 - streamparse.stdout - INFO - Errored out
2016-04-05 03:41:29,972 - streamparse.stdout - INFO - Errored out
2016-04-05 03:41:30,045 - streamparse.stdout - INFO - Errored out
2016-04-05 03:41:30,195 - streamparse.stdout - INFO - Errored out
2016-04-05 03:41:30,501 - streamparse.stdout - INFO - Errored out
2016-04-05 03:41:30,841 - streamparse.stdout - INFO - Errored out
2016-04-05 03:41:30,995 - streamparse.stdout - INFO - Errored out
2016-04-05 03:41:31,026 - streamparse.stdout - INFO - Errored out
2016-04-05 03:41:31,090 - streamparse.stdout - INFO - Errored out
2016-04-05 03:41:31,124 - streamparse.stdout - INFO - Errored out
2016-04-05 03:41:31,250 - streamparse.stdout - INFO - Errored out
2016-04-05 03:41:31,315 - streamparse.stdout - INFO - Errored out
2016-04-05 03:41:31,344 - streamparse.stdout - INFO - Errored out
2016-04-05 03:41:31,507 - streamparse.stdout - INFO - Errored out
2016-04-05 03:41:31,541 - streamparse.stdout - INFO - Errored out
2016-04-05 03:41:31,572 - streamparse.stdout - INFO - Errored out
2016-04-05 03:41:31,629 - streamparse.stdout - INFO - Errored out
2016-04-05 03:41:31,666 - streamparse.stdout - INFO - Errored out
2016-04-05 03:41:31,715 - streamparse.stdout - INFO - Errored out
2016-04-05 03:41:31,813 - streamparse.stdout - INFO - Errored out
2016-04-05 03:41:32,076 - streamparse.stdout - INFO - Errored out
2016-04-05 03:41:32,264 - streamparse.stdout - INFO - Errored out
2016-04-05 03:41:32,332 - streamparse.stdout - INFO - Errored out
2016-04-05 03:41:32,491 - streamparse.stdout - INFO - Errored out
2016-04-05 03:41:32,532 - streamparse.stdout - INFO - Errored out
2016-04-05 03:41:32,720 - streamparse.stdout - INFO - Errored out
2016-04-05 03:41:33,104 - streamparse.stdout - INFO - Errored out
2016-04-05 03:41:33,361 - streamparse.stdout - INFO - Errored out
2016-04-05 03:41:33,391 - streamparse.stdout - INFO - Errored out
2016-04-05 03:41:33,498 - streamparse.stdout - INFO - Errored out
2016-04-05 03:41:33,573 - streamparse.stdout - INFO - Errored out
2016-04-05 03:41:33,716 - streamparse.stdout - INFO - Errored out
2016-04-05 03:41:33,801 - streamparse.stdout - INFO - Errored out
2016-04-05 03:41:33,853 - streamparse.stdout - INFO - Errored out
2016-04-05 03:41:34,007 - streamparse.stdout - INFO - Errored out
2016-04-05 03:41:34,154 - streamparse.stdout - INFO - Errored out
2016-04-05 03:41:34,185 - streamparse.stdout - INFO - Errored out
2016-04-05 03:41:34,379 - streamparse.stdout - INFO - Errored out
2016-04-05 03:41:34,563 - streamparse.stdout - INFO - Errored out
2016-04-05 03:41:34,605 - streamparse.stdout - INFO - Errored out
2016-04-05 03:41:34,673 - streamparse.stdout - INFO - Errored out
2016-04-05 03:41:34,745 - streamparse.stdout - INFO - Errored out
2016-04-05 03:41:34,816 - streamparse.stdout - INFO - Errored out
2016-04-05 03:41:34,849 - streamparse.stdout - INFO - Errored out
2016-04-05 03:41:34,891 - streamparse.stdout - INFO - Errored out
2016-04-05 03:41:34,988 - streamparse.stdout - INFO - Errored out
2016-04-05 03:41:35,219 - streamparse.stdout - INFO - Errored out
2016-04-05 03:41:35,364 - streamparse.stdout - INFO - Errored out
2016-04-05 03:41:35,587 - streamparse.stdout - INFO - Errored out
2016-04-05 03:41:35,735 - streamparse.stdout - INFO - Errored out
2016-04-05 03:41:35,993 - streamparse.stdout - INFO - Errored out
2016-04-05 03:41:36,046 - streamparse.stdout - INFO - Errored out
2016-04-05 03:41:36,200 - streamparse.stdout - INFO - Errored out
2016-04-05 03:41:36,307 - streamparse.stdout - INFO - Errored out
2016-04-05 03:41:36,350 - streamparse.stdout - INFO - Errored out
2016-04-05 03:41:36,421 - streamparse.stdout - INFO - Errored out
2016-04-05 03:41:36,526 - streamparse.stdout - INFO - Errored out
2016-04-05 03:41:36,670 - streamparse.stdout - INFO - Errored out
2016-04-05 03:41:36,720 - streamparse.stdout - INFO - Errored out
2016-04-05 03:41:36,875 - streamparse.stdout - INFO - Errored out
2016-04-05 03:41:37,009 - streamparse.stdout - INFO - Errored out
2016-04-05 03:41:37,175 - streamparse.stdout - INFO - Errored out
2016-04-05 03:41:37,248 - streamparse.stdout - INFO - Errored out
2016-04-05 03:41:37,337 - streamparse.stdout - INFO - Errored out
2016-04-05 03:41:37,555 - streamparse.stdout - INFO - Errored out
2016-04-05 03:41:37,724 - streamparse.stdout - INFO - Errored out
2016-04-05 03:41:37,771 - streamparse.stdout - INFO - Errored out
2016-04-05 03:41:37,818 - streamparse.stdout - INFO - Errored out
2016-04-05 03:41:37,867 - streamparse.stdout - INFO - Errored out
2016-04-05 03:41:37,962 - streamparse.stdout - INFO - Errored out
2016-04-05 03:41:38,062 - streamparse.stdout - INFO - Errored out
2016-04-05 03:41:38,238 - streamparse.stdout - INFO - Errored out
2016-04-05 03:41:38,362 - streamparse.stdout - INFO - Errored out
2016-04-05 03:41:38,579 - streamparse.stdout - INFO - Errored out
2016-04-05 03:41:38,650 - streamparse.stdout - INFO - Errored out
2016-04-05 03:41:38,822 - streamparse.stdout - INFO - Errored out
2016-04-05 03:41:39,195 - streamparse.stdout - INFO - Errored out
2016-04-05 03:41:39,380 - streamparse.stdout - INFO - Errored out
2016-04-05 03:41:39,465 - streamparse.stdout - INFO - Errored out
2016-04-05 03:41:39,635 - streamparse.stdout - INFO - Errored out
2016-04-05 03:41:39,724 - streamparse.stdout - INFO - Errored out
2016-04-05 03:41:39,982 - streamparse.stdout - INFO - Errored out
2016-04-05 03:41:40,121 - streamparse.stdout - INFO - Errored out
2016-04-05 03:41:40,301 - streamparse.stdout - INFO - Errored out
2016-04-05 03:41:40,478 - streamparse.stdout - INFO - Errored out
2016-04-05 03:41:40,631 - streamparse.stdout - INFO - Errored out
2016-04-05 03:41:40,719 - streamparse.stdout - INFO - Errored out
2016-04-05 03:41:40,954 - streamparse.stdout - INFO - Errored out
2016-04-05 03:41:41,073 - streamparse.stdout - INFO - Errored out
2016-04-05 03:41:41,115 - streamparse.stdout - INFO - Errored out
2016-04-05 03:41:41,207 - streamparse.stdout - INFO - Errored out
2016-04-05 03:41:41,265 - streamparse.stdout - INFO - Errored out
2016-04-05 03:41:41,297 - streamparse.stdout - INFO - Errored out
2016-04-05 03:41:41,351 - streamparse.stdout - INFO - Errored out
2016-04-05 03:41:41,561 - streamparse.stdout - INFO - Errored out
2016-04-05 03:41:41,679 - streamparse.stdout - INFO - Errored out
2016-04-05 03:41:41,730 - streamparse.stdout - INFO - Errored out
2016-04-05 03:41:41,777 - streamparse.stdout - INFO - Errored out
2016-04-05 03:41:41,922 - streamparse.stdout - INFO - Errored out
2016-04-05 03:41:42,023 - streamparse.stdout - INFO - Errored out
2016-04-05 03:41:42,071 - streamparse.stdout - INFO - Errored out
2016-04-05 03:41:42,107 - streamparse.stdout - INFO - Errored out
2016-04-05 03:41:42,188 - streamparse.stdout - INFO - Errored out
2016-04-05 03:41:42,235 - streamparse.stdout - INFO - Errored out
2016-04-05 03:41:42,263 - streamparse.stdout - INFO - Errored out
2016-04-05 03:41:42,396 - streamparse.stdout - INFO - Errored out
2016-04-05 03:41:42,508 - streamparse.stdout - INFO - Errored out
2016-04-05 03:41:42,664 - streamparse.stdout - INFO - Errored out
2016-04-05 03:41:42,911 - streamparse.stdout - INFO - Errored out
2016-04-05 03:41:43,063 - streamparse.stdout - INFO - Errored out
2016-04-05 03:41:43,182 - streamparse.stdout - INFO - Errored out
2016-04-05 03:41:43,277 - streamparse.stdout - INFO - Errored out
2016-04-05 03:41:43,323 - streamparse.stdout - INFO - Errored out
2016-04-05 03:41:43,418 - streamparse.stdout - INFO - Errored out
2016-04-05 03:41:43,510 - streamparse.stdout - INFO - Errored out
2016-04-05 03:41:43,611 - streamparse.stdout - INFO - Errored out
2016-04-05 03:41:43,656 - streamparse.stdout - INFO - Errored out
2016-04-05 03:41:43,754 - streamparse.stdout - INFO - Errored out
2016-04-05 03:41:43,802 - streamparse.stdout - INFO - Errored out
2016-04-05 03:41:43,947 - streamparse.stdout - INFO - Errored out
2016-04-05 03:41:43,965 - streamparse.stdout - INFO - Errored out
2016-04-05 03:41:44,026 - streamparse.stdout - INFO - Errored out
2016-04-05 03:41:44,161 - streamparse.stdout - INFO - Errored out
2016-04-05 03:41:44,316 - streamparse.stdout - INFO - Errored out
2016-04-05 03:41:44,390 - streamparse.stdout - INFO - Errored out
2016-04-05 03:41:44,564 - streamparse.stdout - INFO - Errored out
2016-04-05 03:41:44,747 - streamparse.stdout - INFO - Errored out
2016-04-05 03:41:44,847 - streamparse.stdout - INFO - Errored out
2016-04-05 03:41:44,883 - streamparse.stdout - INFO - Errored out
2016-04-05 03:41:44,998 - streamparse.stdout - INFO - Errored out
2016-04-05 03:41:45,090 - streamparse.stdout - INFO - Errored out
2016-04-05 03:41:45,427 - streamparse.stdout - INFO - Errored out
2016-04-05 03:41:45,495 - streamparse.stdout - INFO - Errored out
2016-04-05 03:41:45,725 - streamparse.stdout - INFO - Errored out
2016-04-05 03:41:45,899 - streamparse.stdout - INFO - Errored out
2016-04-05 03:41:45,924 - streamparse.stdout - INFO - Errored out
2016-04-05 03:41:45,963 - streamparse.stdout - INFO - Errored out
2016-04-05 03:41:46,018 - streamparse.stdout - INFO - Errored out
2016-04-05 03:41:46,260 - streamparse.stdout - INFO - Errored out
2016-04-05 03:41:46,305 - streamparse.stdout - INFO - Errored out
2016-04-05 03:41:46,448 - streamparse.stdout - INFO - Errored out
2016-04-05 03:41:46,670 - streamparse.stdout - INFO - Errored out
2016-04-05 03:41:46,882 - streamparse.stdout - INFO - Errored out
2016-04-05 03:41:47,136 - streamparse.stdout - INFO - Errored out
2016-04-05 03:41:47,192 - streamparse.stdout - INFO - Errored out
2016-04-05 03:41:47,326 - streamparse.stdout - INFO - Errored out
2016-04-05 03:41:47,546 - streamparse.stdout - INFO - Errored out
2016-04-05 03:41:47,621 - streamparse.stdout - INFO - Errored out
2016-04-05 03:41:47,745 - streamparse.stdout - INFO - Errored out
2016-04-05 03:41:47,936 - streamparse.stdout - INFO - Errored out
2016-04-05 03:41:48,035 - streamparse.stdout - INFO - Errored out
2016-04-05 03:41:48,173 - streamparse.stdout - INFO - Errored out
2016-04-05 03:41:48,223 - streamparse.stdout - INFO - Errored out
2016-04-05 03:41:48,269 - streamparse.stdout - INFO - Errored out
2016-04-05 03:41:48,491 - streamparse.stdout - INFO - Errored out
2016-04-05 03:41:48,649 - streamparse.stdout - INFO - Errored out
2016-04-05 03:41:48,893 - streamparse.stdout - INFO - Errored out
2016-04-05 03:41:49,019 - streamparse.stdout - INFO - Errored out
2016-04-05 03:41:49,198 - streamparse.stdout - INFO - Errored out
2016-04-05 03:41:49,250 - streamparse.stdout - INFO - Errored out
2016-04-05 03:41:49,291 - streamparse.stdout - INFO - Errored out
2016-04-05 03:41:49,351 - streamparse.stdout - INFO - Errored out
2016-04-05 03:41:49,485 - streamparse.stdout - INFO - Errored out
2016-04-05 03:41:49,548 - streamparse.stdout - INFO - Errored out
2016-04-05 03:41:49,707 - streamparse.stdout - INFO - Errored out
2016-04-05 03:41:50,115 - streamparse.storm.component - ERROR - Received EOF while trying to read stdin from Storm, pipe appears to be broken, exiting.
2016-04-05 03:41:50,115 - streamparse.stdout - INFO - Errored out
2016-04-05 03:41:50,142 - streamparse.stdout - INFO - Errored out
2016-04-05 03:41:50,142 - streamparse.storm.component - ERROR - Exception in WordCounter.run()
Traceback (most recent call last):
  File "/usr/lib/python2.7/site-packages/streamparse/storm/component.py", line 489, in run
    self._run()
  File "/usr/lib/python2.7/site-packages/streamparse/storm/bolt.py", line 221, in _run
    self.ack(tup)
  File "/usr/lib/python2.7/site-packages/streamparse/storm/bolt.py", line 193, in ack
    self.send_message({'command': 'ack', 'id': tup_id})
  File "/usr/lib/python2.7/site-packages/streamparse/storm/component.py", line 366, in send_message
    self.output_stream.flush()
IOError: [Errno 32] Broken pipe
