2016-04-05 03:52:52,630 - streamparse.stdout - INFO - Errored out
2016-04-05 03:52:54,778 - streamparse.stdout - INFO - Errored out
2016-04-05 03:53:05,244 - streamparse.stdout - INFO - Errored out
2016-04-05 03:53:05,801 - streamparse.storm.component - ERROR - Received EOF while trying to read stdin from Storm, pipe appears to be broken, exiting.
2016-04-05 03:53:05,801 - streamparse.stdout - INFO - Errored out
2016-04-05 03:53:05,801 - streamparse.storm.component - ERROR - Received EOF while trying to read stdin from Storm, pipe appears to be broken, exiting.
2016-04-05 03:53:05,801 - streamparse.stdout - INFO - Errored out
2016-04-05 03:53:05,801 - streamparse.storm.component - ERROR - Received EOF while trying to read stdin from Storm, pipe appears to be broken, exiting.
2016-04-05 03:53:05,801 - streamparse.stdout - INFO - Errored out
2016-04-05 03:53:05,802 - streamparse.storm.component - ERROR - Received EOF while trying to read stdin from Storm, pipe appears to be broken, exiting.
2016-04-05 03:53:05,802 - streamparse.stdout - INFO - Errored out
2016-04-05 03:53:05,802 - streamparse.storm.component - ERROR - Received EOF while trying to read stdin from Storm, pipe appears to be broken, exiting.
2016-04-05 03:53:05,802 - streamparse.stdout - INFO - Errored out
2016-04-05 03:53:05,802 - streamparse.storm.component - ERROR - Received EOF while trying to read stdin from Storm, pipe appears to be broken, exiting.
2016-04-05 03:53:05,802 - streamparse.stdout - INFO - Errored out
2016-04-05 03:53:05,803 - streamparse.storm.component - ERROR - Received EOF while trying to read stdin from Storm, pipe appears to be broken, exiting.
2016-04-05 03:53:05,803 - streamparse.stdout - INFO - Errored out
2016-04-05 03:53:05,803 - streamparse.storm.component - ERROR - Received EOF while trying to read stdin from Storm, pipe appears to be broken, exiting.
2016-04-05 03:53:05,803 - streamparse.stdout - INFO - Errored out
2016-04-05 03:53:05,833 - streamparse.storm.component - ERROR - Exception in WordCounter.run()
Traceback (most recent call last):
  File "/usr/lib/python2.7/site-packages/streamparse/storm/component.py", line 489, in run
    self._run()
  File "/usr/lib/python2.7/site-packages/streamparse/storm/bolt.py", line 221, in _run
    self.ack(tup)
  File "/usr/lib/python2.7/site-packages/streamparse/storm/bolt.py", line 193, in ack
    self.send_message({'command': 'ack', 'id': tup_id})
  File "/usr/lib/python2.7/site-packages/streamparse/storm/component.py", line 368, in send_message
    self.output_stream.flush()
IOError: [Errno 32] Broken pipe
