2016-04-05 03:52:53,734 - streamparse.stdout - INFO - Errored out
2016-04-05 03:52:54,945 - streamparse.stdout - INFO - Errored out
2016-04-05 03:53:04,387 - streamparse.stdout - INFO - Errored out
2016-04-05 03:53:05,221 - streamparse.stdout - INFO - Errored out
2016-04-05 03:53:05,796 - streamparse.storm.component - ERROR - Received EOF while trying to read stdin from Storm, pipe appears to be broken, exiting.
2016-04-05 03:53:05,797 - streamparse.stdout - INFO - Errored out
2016-04-05 03:53:05,797 - streamparse.storm.component - ERROR - Received EOF while trying to read stdin from Storm, pipe appears to be broken, exiting.
2016-04-05 03:53:05,797 - streamparse.stdout - INFO - Errored out
2016-04-05 03:53:05,797 - streamparse.storm.component - ERROR - Received EOF while trying to read stdin from Storm, pipe appears to be broken, exiting.
2016-04-05 03:53:05,797 - streamparse.stdout - INFO - Errored out
2016-04-05 03:53:05,798 - streamparse.storm.component - ERROR - Received EOF while trying to read stdin from Storm, pipe appears to be broken, exiting.
2016-04-05 03:53:05,798 - streamparse.stdout - INFO - Errored out
2016-04-05 03:53:05,798 - streamparse.storm.component - ERROR - Received EOF while trying to read stdin from Storm, pipe appears to be broken, exiting.
2016-04-05 03:53:05,798 - streamparse.stdout - INFO - Errored out
2016-04-05 03:53:05,798 - streamparse.storm.component - ERROR - Received EOF while trying to read stdin from Storm, pipe appears to be broken, exiting.
2016-04-05 03:53:05,798 - streamparse.stdout - INFO - Errored out
2016-04-05 03:53:05,799 - streamparse.storm.component - ERROR - Received EOF while trying to read stdin from Storm, pipe appears to be broken, exiting.
2016-04-05 03:53:05,799 - streamparse.stdout - INFO - Errored out
2016-04-05 03:53:05,799 - streamparse.storm.component - ERROR - Received EOF while trying to read stdin from Storm, pipe appears to be broken, exiting.
2016-04-05 03:53:05,799 - streamparse.stdout - INFO - Errored out
2016-04-05 03:53:05,799 - streamparse.storm.component - ERROR - Received EOF while trying to read stdin from Storm, pipe appears to be broken, exiting.
2016-04-05 03:53:05,799 - streamparse.stdout - INFO - Errored out
2016-04-05 03:53:05,800 - streamparse.storm.component - ERROR - Received EOF while trying to read stdin from Storm, pipe appears to be broken, exiting.
2016-04-05 03:53:05,800 - streamparse.stdout - INFO - Errored out
2016-04-05 03:53:05,800 - streamparse.storm.component - ERROR - Received EOF while trying to read stdin from Storm, pipe appears to be broken, exiting.
2016-04-05 03:53:05,800 - streamparse.stdout - INFO - Errored out
2016-04-05 03:53:05,800 - streamparse.storm.component - ERROR - Received EOF while trying to read stdin from Storm, pipe appears to be broken, exiting.
2016-04-05 03:53:05,816 - streamparse.stdout - INFO - Errored out
2016-04-05 03:53:05,816 - streamparse.storm.component - ERROR - Exception in WordCounter.run()
Traceback (most recent call last):
  File "/usr/lib/python2.7/site-packages/streamparse/storm/component.py", line 489, in run
    self._run()
  File "/usr/lib/python2.7/site-packages/streamparse/storm/bolt.py", line 221, in _run
    self.ack(tup)
  File "/usr/lib/python2.7/site-packages/streamparse/storm/bolt.py", line 193, in ack
    self.send_message({'command': 'ack', 'id': tup_id})
  File "/usr/lib/python2.7/site-packages/streamparse/storm/component.py", line 368, in send_message
    self.output_stream.flush()
IOError: [Errno 32] Broken pipe
